Drill report for Explorer.kicad_pcb
Created on 2025-05-26T14:54:56+0800

Copper Layer Stackup:
    =============================================================
    L1 :  F.Cu                      front
    L2 :  B.Cu                      back


Drill file 'Explorer-PTH.drl' contains
    plated through holes:
    =============================================================
    T1  0.400mm  0.0157"  (248 holes)
    T2  0.800mm  0.0315"  (4 holes)
    T3  0.950mm  0.0374"  (4 holes)
    T4  1.000mm  0.0394"  (15 holes)
    T5  1.100mm  0.0433"  (4 holes)
    T6  1.520mm  0.0598"  (6 holes)
    T7  2.300mm  0.0906"  (2 holes)
    T8  3.200mm  0.1260"  (6 holes)

    Total plated holes count 289


Drill file 'Explorer-NPTH.drl' contains
    unplated through holes:
    =============================================================

    Total unplated holes count 0
